This is ObjectTeX, Version 3.1415926-1.0 (TeX engine: Aspose.TeX 22.11) (preloaded format=objectlatex 2022.12.13)  7 Feb 2025 02:52
entering extended mode
**
(solutions/tex/radix_sort_answer1.tex
LaTeX2e <2011/06/27>
(article.cls
Document Class: article 2007/10/19 v1.4h Standard LaTeX document class
(size10.clo
File: size10.clo 2007/10/19 v1.4h Standard LaTeX file (size option)
)
\c@part=\count79
\c@section=\count80
\c@subsection=\count81
\c@subsubsection=\count82
\c@paragraph=\count83
\c@subparagraph=\count84
\c@figure=\count85
\c@table=\count86
\abovecaptionskip=\skip41
\belowcaptionskip=\skip42
\bibindent=\dimen102
)
No file radix_sort_answer1.aux.
LaTeX Font Info:    Checking defaults for OML/cmm/m/it on input line 2.
LaTeX Font Info:    ... okay on input line 2.
LaTeX Font Info:    Checking defaults for T1/cmr/m/n on input line 2.
LaTeX Font Info:    ... okay on input line 2.
LaTeX Font Info:    Checking defaults for OT1/cmr/m/n on input line 2.
LaTeX Font Info:    ... okay on input line 2.
LaTeX Font Info:    Checking defaults for OMS/cmsy/m/n on input line 2.
LaTeX Font Info:    ... okay on input line 2.
LaTeX Font Info:    Checking defaults for OMX/cmex/m/n on input line 2.
LaTeX Font Info:    ... okay on input line 2.
LaTeX Font Info:    Checking defaults for U/cmr/m/n on input line 2.
LaTeX Font Info:    ... okay on input line 2.

Underfull \hbox (badness 10000) in paragraph at lines 3--8

 []

[1

] (solutions/pdf/radix_sort_answer1.aux) ) 
Here is how much of TeX's memory you used:
  strings out of 
  string characters out of 
  words of memory out of 
 3265 multiletter control sequences out of 
  words of font info for 15 fonts, out of  for 75
 14 hyphenation exceptions out of 307
 23i, 4n, 17p, b, 158s stack positions out of 5000i, 40n, 200p, b, 6000s

Output written on radix_sort_answer1.pdf (1 page).
