This is LuaTeX, Version 1.14.0 (MiKTeX 21.8) (format=luatex 2022.12.5)  5 DEC 2022 18:13
 restricted system commands enabled.
**Graph.tex
(./Graph.tex
! Undefined control sequence.
l.3 \documentclass
                [tikz,border=10pt]{standalone}
The control sequence at the end of the top line
of your error message was never \def'ed. If you have
misspelled it (e.g., `\hobx'), type `I' and the correct
spelling (e.g., `I\hbox'). Otherwise just continue,
and I'll forget about whatever was undefined.

! Undefined control sequence.
l.4 \usetikzlibrary
                 {graphdrawing}
The control sequence at the end of the top line
of your error message was never \def'ed. If you have
misspelled it (e.g., `\hobx'), type `I' and the correct
spelling (e.g., `I\hbox'). Otherwise just continue,
and I'll forget about whatever was undefined.

! Undefined control sequence.
l.5 \usetikzlibrary
                 {graphs}
The control sequence at the end of the top line
of your error message was never \def'ed. If you have
misspelled it (e.g., `\hobx'), type `I' and the correct
spelling (e.g., `I\hbox'). Otherwise just continue,
and I'll forget about whatever was undefined.

! Undefined control sequence.
l.6 \usegdlibrary
               {trees}
The control sequence at the end of the top line
of your error message was never \def'ed. If you have
misspelled it (e.g., `\hobx'), type `I' and the correct
spelling (e.g., `I\hbox'). Otherwise just continue,
and I'll forget about whatever was undefined.

! Undefined control sequence.
l.7 \begin
        {document}
The control sequence at the end of the top line
of your error message was never \def'ed. If you have
misspelled it (e.g., `\hobx'), type `I' and the correct
spelling (e.g., `I\hbox'). Otherwise just continue,
and I'll forget about whatever was undefined.

! Undefined control sequence.
l.8 \begin
        {tikzpicture}[>=stealth, every node/.style={circle, draw, minimum si...
The control sequence at the end of the top line
of your error message was never \def'ed. If you have
misspelled it (e.g., `\hobx'), type `I' and the correct
spelling (e.g., `I\hbox'). Otherwise just continue,
and I'll forget about whatever was undefined.

! Undefined control sequence.
l.9 \graph
         [tree layout, grow=down, fresh nodes, level distance=0.5in, sibling...
The control sequence at the end of the top line
of your error message was never \def'ed. If you have
misspelled it (e.g., `\hobx'), type `I' and the correct
spelling (e.g., `I\hbox'). Otherwise just continue,
and I'll forget about whatever was undefined.


Overfull \hbox (34.05156pt too wide) in paragraph at lines 3--17
[]\tenrm [tikz,bor-der=10pt]stan-dalone graph-draw-ing graphs trees doc-u-ment 
tikzpic-ture[>=stealth, ev-ery node/.style=cir-|

\hbox(7.5+2.5)x469.75499, glue set - 1.0, direction TLT
.\localpar
..\localinterlinepenalty=0
..\localbrokenpenalty=0
..\localleftbox=null
..\localrightbox=null
.\hbox(0.0+0.0)x20.0, direction TLT
.\tenrm [
.\tenrm t
.\tenrm i
.etc.

[1{C:/Users/sojto/AppData/Local/MiKTeX/pdftex/config/pdftex.map}])<C:/Users/sojt
o/AppData/Local/Programs/MiKTeX/fonts/type1/public/amsfonts/cm/cmr10.pfb>
Output written on Graph.pdf (1 page, 18396 bytes).

PDF statistics: 10 PDF objects out of 1000 (max. 8388607)
 0 named destinations out of 1000 (max. 131072)
 1 words of extra memory for PDF output out of 10000 (max. 100000000)

